<?xml version="1.0" encoding="UTF-8"?>
<!-- Generated by org.testng.reporters.JUnitXMLReporter -->
<testsuite ignored="0" hostname="DESKTOP-6R40L2R" failures="1" tests="3" name="Test" time="0.119" errors="0" timestamp="2023-08-30T17:44:35 IST">
  <testcase classname="Generic_script.runner_script_listners" name="test1" time="0.015"/>
  <testcase classname="Generic_script.runner_script_listners" name="test2" time="0.007">
    <failure type="java.lang.AssertionError" message="null">
      <![CDATA[java.lang.AssertionError: null
at Generic_script.runner_script_listners.test2(runner_script_listners.java:17)
at java.base/java.util.ArrayList.forEach(ArrayList.java:1511)
... Removed 29 stack frames]]>
    </failure>
  </testcase> <!-- test2 -->
  <testcase classname="Generic_script.runner_script_listners" name="test3" time="0.0">
    <skipped/>
  </testcase> <!-- test3 -->
</testsuite> <!-- Test -->
